{"meta": {"format": 3, "version": "7.13.5", "timestamp": "2026-03-31T18:16:36.760382", "branch_coverage": false, "show_contexts": false}, "files": {"src/costs/__init__.py": {"executed_lines": [], "summary": {"covered_lines": 0, "num_statements": 6, "percent_covered": 0.0, "percent_covered_display": "0", "missing_lines": 6, "excluded_lines": 0, "percent_statements_covered": 0.0, "percent_statements_covered_display": "0"}, "missing_lines": [3, 4, 5, 6, 8, 9], "excluded_lines": [], "functions": {"": {"executed_lines": [], "summary": {"covered_lines": 0, "num_statements": 6, "percent_covered": 0.0, "percent_covered_display": "0", "missing_lines": 6, "excluded_lines": 0, "percent_statements_covered": 0.0, "percent_statements_covered_display": "0"}, "missing_lines": [3, 4, 5, 6, 8, 9], "excluded_lines": [], "start_line": 1}}, "classes": {"": {"executed_lines": [], "summary": {"covered_lines": 0, "num_statements": 6, "percent_covered": 0.0, "percent_covered_display": "0", "missing_lines": 6, "excluded_lines": 0, "percent_statements_covered": 0.0, "percent_statements_covered_display": "0"}, "missing_lines": [3, 4, 5, 6, 8, 9], "excluded_lines": [], "start_line": 1}}}, "src/costs/calculator.py": {"executed_lines": [], "summary": {"covered_lines": 0, "num_statements": 71, "percent_covered": 0.0, "percent_covered_display": "0", "missing_lines": 71, "excluded_lines": 0, "percent_statements_covered": 0.0, "percent_statements_covered_display": "0"}, "missing_lines": [3, 4, 5, 6, 9, 13, 14, 15, 19, 35, 37, 38, 39, 40, 43, 54, 55, 58, 61, 64, 69, 70, 71, 73, 75, 83, 85, 88, 90, 91, 93, 96, 104, 107, 108, 111, 112, 114, 123, 131, 134, 135, 138, 139, 140, 146, 147, 148, 149, 157, 158, 161, 162, 164, 174, 181, 182, 183, 184, 186, 187, 188, 189, 190, 191, 193, 194, 195, 196, 198, 200], "excluded_lines": [], "functions": {"get_file_type_multiplier": {"executed_lines": [], "summary": {"covered_lines": 0, "num_statements": 4, "percent_covered": 0.0, "percent_covered_display": "0", "missing_lines": 4, "excluded_lines": 0, "percent_statements_covered": 0.0, "percent_statements_covered_display": "0"}, "missing_lines": [37, 38, 39, 40], "excluded_lines": [], "start_line": 35}, "estimate_tokens": {"executed_lines": [], "summary": {"covered_lines": 0, "num_statements": 10, "percent_covered": 0.0, "percent_covered_display": "0", "missing_lines": 10, "excluded_lines": 0, "percent_statements_covered": 0.0, "percent_statements_covered_display": "0"}, "missing_lines": [54, 55, 58, 61, 64, 69, 70, 71, 73, 75], "excluded_lines": [], "start_line": 43}, "_estimate_single_file_tokens": {"executed_lines": [], "summary": {"covered_lines": 0, "num_statements": 1, "percent_covered": 0.0, "percent_covered_display": "0", "missing_lines": 1, "excluded_lines": 0, "percent_statements_covered": 0.0, "percent_statements_covered_display": "0"}, "missing_lines": [85], "excluded_lines": [], "start_line": 83}, "calculate_cost": {"executed_lines": [], "summary": {"covered_lines": 0, "num_statements": 3, "percent_covered": 0.0, "percent_covered_display": "0", "missing_lines": 3, "excluded_lines": 0, "percent_statements_covered": 0.0, "percent_statements_covered_display": "0"}, "missing_lines": [90, 91, 93], "excluded_lines": [], "start_line": 88}, "calculate_roi": {"executed_lines": [], "summary": {"covered_lines": 0, "num_statements": 6, "percent_covered": 0.0, "percent_covered_display": "0", "missing_lines": 6, "excluded_lines": 0, "percent_statements_covered": 0.0, "percent_statements_covered_display": "0"}, "missing_lines": [104, 107, 108, 111, 112, 114], "excluded_lines": [], "start_line": 96}, "ai_cost": {"executed_lines": [], "summary": {"covered_lines": 0, "num_statements": 15, "percent_covered": 0.0, "percent_covered_display": "0", "missing_lines": 15, "excluded_lines": 0, "percent_statements_covered": 0.0, "percent_statements_covered_display": "0"}, "missing_lines": [131, 134, 135, 138, 139, 140, 146, 147, 148, 149, 157, 158, 161, 162, 164], "excluded_lines": [], "start_line": 123}, "batch_calculate_costs": {"executed_lines": [], "summary": {"covered_lines": 0, "num_statements": 16, "percent_covered": 0.0, "percent_covered_display": "0", "missing_lines": 16, "excluded_lines": 0, "percent_statements_covered": 0.0, "percent_statements_covered_display": "0"}, "missing_lines": [181, 182, 183, 184, 186, 187, 188, 189, 190, 191, 193, 194, 195, 196, 198, 200], "excluded_lines": [], "start_line": 174}, "": {"executed_lines": [], "summary": {"covered_lines": 0, "num_statements": 16, "percent_covered": 0.0, "percent_covered_display": "0", "missing_lines": 16, "excluded_lines": 0, "percent_statements_covered": 0.0, "percent_statements_covered_display": "0"}, "missing_lines": [3, 4, 5, 6, 9, 13, 14, 15, 19, 35, 43, 83, 88, 96, 123, 174], "excluded_lines": [], "start_line": 1}}, "classes": {"": {"executed_lines": [], "summary": {"covered_lines": 0, "num_statements": 71, "percent_covered": 0.0, "percent_covered_display": "0", "missing_lines": 71, "excluded_lines": 0, "percent_statements_covered": 0.0, "percent_statements_covered_display": "0"}, "missing_lines": [3, 4, 5, 6, 9, 13, 14, 15, 19, 35, 37, 38, 39, 40, 43, 54, 55, 58, 61, 64, 69, 70, 71, 73, 75, 83, 85, 88, 90, 91, 93, 96, 104, 107, 108, 111, 112, 114, 123, 131, 134, 135, 138, 139, 140, 146, 147, 148, 149, 157, 158, 161, 162, 164, 174, 181, 182, 183, 184, 186, 187, 188, 189, 190, 191, 193, 194, 195, 196, 198, 200], "excluded_lines": [], "start_line": 1}}}, "src/costs/cli.py": {"executed_lines": [], "summary": {"covered_lines": 0, "num_statements": 44, "percent_covered": 0.0, "percent_covered_display": "0", "missing_lines": 44, "excluded_lines": 0, "percent_statements_covered": 0.0, "percent_statements_covered_display": "0"}, "missing_lines": [3, 4, 5, 7, 8, 10, 11, 12, 13, 14, 17, 19, 22, 23, 24, 25, 28, 29, 34, 37, 38, 63, 69, 70, 82, 85, 86, 96, 99, 100, 105, 108, 109, 118, 121, 122, 126, 129, 130, 135, 138, 139, 142, 143], "excluded_lines": [], "functions": {"version_callback": {"executed_lines": [], "summary": {"covered_lines": 0, "num_statements": 3, "percent_covered": 0.0, "percent_covered_display": "0", "missing_lines": 3, "excluded_lines": 0, "percent_statements_covered": 0.0, "percent_statements_covered_display": "0"}, "missing_lines": [23, 24, 25], "excluded_lines": [], "start_line": 22}, "callback": {"executed_lines": [], "summary": {"covered_lines": 0, "num_statements": 1, "percent_covered": 0.0, "percent_covered_display": "0", "missing_lines": 1, "excluded_lines": 0, "percent_statements_covered": 0.0, "percent_statements_covered_display": "0"}, "missing_lines": [34], "excluded_lines": [], "start_line": 29}, "analyze": {"executed_lines": [], "summary": {"covered_lines": 0, "num_statements": 1, "percent_covered": 0.0, "percent_covered_display": "0", "missing_lines": 1, "excluded_lines": 0, "percent_statements_covered": 0.0, "percent_statements_covered_display": "0"}, "missing_lines": [63], "excluded_lines": [], "start_line": 38}, "report": {"executed_lines": [], "summary": {"covered_lines": 0, "num_statements": 1, "percent_covered": 0.0, "percent_covered_display": "0", "missing_lines": 1, "excluded_lines": 0, "percent_statements_covered": 0.0, "percent_statements_covered_display": "0"}, "missing_lines": [82], "excluded_lines": [], "start_line": 70}, "badge": {"executed_lines": [], "summary": {"covered_lines": 0, "num_statements": 1, "percent_covered": 0.0, "percent_covered_display": "0", "missing_lines": 1, "excluded_lines": 0, "percent_statements_covered": 0.0, "percent_statements_covered_display": "0"}, "missing_lines": [96], "excluded_lines": [], "start_line": 86}, "auto_badge": {"executed_lines": [], "summary": {"covered_lines": 0, "num_statements": 1, "percent_covered": 0.0, "percent_covered_display": "0", "missing_lines": 1, "excluded_lines": 0, "percent_statements_covered": 0.0, "percent_statements_covered_display": "0"}, "missing_lines": [105], "excluded_lines": [], "start_line": 100}, "estimate": {"executed_lines": [], "summary": {"covered_lines": 0, "num_statements": 1, "percent_covered": 0.0, "percent_covered_display": "0", "missing_lines": 1, "excluded_lines": 0, "percent_statements_covered": 0.0, "percent_statements_covered_display": "0"}, "missing_lines": [118], "excluded_lines": [], "start_line": 109}, "stats": {"executed_lines": [], "summary": {"covered_lines": 0, "num_statements": 1, "percent_covered": 0.0, "percent_covered_display": "0", "missing_lines": 1, "excluded_lines": 0, "percent_statements_covered": 0.0, "percent_statements_covered_display": "0"}, "missing_lines": [126], "excluded_lines": [], "start_line": 122}, "init": {"executed_lines": [], "summary": {"covered_lines": 0, "num_statements": 1, "percent_covered": 0.0, "percent_covered_display": "0", "missing_lines": 1, "excluded_lines": 0, "percent_statements_covered": 0.0, "percent_statements_covered_display": "0"}, "missing_lines": [135], "excluded_lines": [], "start_line": 130}, "main": {"executed_lines": [], "summary": {"covered_lines": 0, "num_statements": 1, "percent_covered": 0.0, "percent_covered_display": "0", "missing_lines": 1, "excluded_lines": 0, "percent_statements_covered": 0.0, "percent_statements_covered_display": "0"}, "missing_lines": [139], "excluded_lines": [], "start_line": 138}, "": {"executed_lines": [], "summary": {"covered_lines": 0, "num_statements": 32, "percent_covered": 0.0, "percent_covered_display": "0", "missing_lines": 32, "excluded_lines": 0, "percent_statements_covered": 0.0, "percent_statements_covered_display": "0"}, "missing_lines": [3, 4, 5, 7, 8, 10, 11, 12, 13, 14, 17, 19, 22, 28, 29, 37, 38, 69, 70, 85, 86, 99, 100, 108, 109, 121, 122, 129, 130, 138, 142, 143], "excluded_lines": [], "start_line": 1}}, "classes": {"": {"executed_lines": [], "summary": {"covered_lines": 0, "num_statements": 44, "percent_covered": 0.0, "percent_covered_display": "0", "missing_lines": 44, "excluded_lines": 0, "percent_statements_covered": 0.0, "percent_statements_covered_display": "0"}, "missing_lines": [3, 4, 5, 7, 8, 10, 11, 12, 13, 14, 17, 19, 22, 23, 24, 25, 28, 29, 34, 37, 38, 63, 69, 70, 82, 85, 86, 96, 99, 100, 105, 108, 109, 118, 121, 122, 126, 129, 130, 135, 138, 139, 142, 143], "excluded_lines": [], "start_line": 1}}}, "src/costs/commands/__init__.py": {"executed_lines": [], "summary": {"covered_lines": 0, "num_statements": 0, "percent_covered": 100.0, "percent_covered_display": "100", "missing_lines": 0, "excluded_lines": 0, "percent_statements_covered": 100.0, "percent_statements_covered_display": "100"}, "missing_lines": [], "excluded_lines": [], "functions": {"": {"executed_lines": [], "summary": {"covered_lines": 0, "num_statements": 0, "percent_covered": 100.0, "percent_covered_display": "100", "missing_lines": 0, "excluded_lines": 0, "percent_statements_covered": 100.0, "percent_statements_covered_display": "100"}, "missing_lines": [], "excluded_lines": [], "start_line": 1}}, "classes": {"": {"executed_lines": [], "summary": {"covered_lines": 0, "num_statements": 0, "percent_covered": 100.0, "percent_covered_display": "100", "missing_lines": 0, "excluded_lines": 0, "percent_statements_covered": 100.0, "percent_statements_covered_display": "100"}, "missing_lines": [], "excluded_lines": [], "start_line": 1}}}, "src/costs/commands/analyze.py": {"executed_lines": [], "summary": {"covered_lines": 0, "num_statements": 77, "percent_covered": 0.0, "percent_covered_display": "0", "missing_lines": 77, "excluded_lines": 0, "percent_statements_covered": 0.0, "percent_statements_covered_display": "0"}, "missing_lines": [1, 2, 3, 4, 5, 6, 7, 8, 9, 11, 13, 14, 15, 17, 18, 19, 20, 21, 24, 30, 31, 32, 33, 34, 35, 37, 39, 40, 41, 43, 46, 53, 54, 55, 56, 57, 58, 60, 61, 62, 63, 65, 68, 70, 73, 74, 75, 76, 77, 78, 79, 80, 81, 82, 85, 86, 87, 90, 91, 92, 93, 94, 95, 98, 115, 118, 123, 124, 127, 129, 130, 133, 143, 144, 145, 148, 155], "excluded_lines": [], "functions": {"_get_repo": {"executed_lines": [], "summary": {"covered_lines": 0, "num_statements": 8, "percent_covered": 0.0, "percent_covered_display": "0", "missing_lines": 8, "excluded_lines": 0, "percent_statements_covered": 0.0, "percent_statements_covered_display": "0"}, "missing_lines": [13, 14, 15, 17, 18, 19, 20, 21], "excluded_lines": [], "start_line": 11}, "_get_execution_context": {"executed_lines": [], "summary": {"covered_lines": 0, "num_statements": 11, "percent_covered": 0.0, "percent_covered_display": "0", "missing_lines": 11, "excluded_lines": 0, "percent_statements_covered": 0.0, "percent_statements_covered_display": "0"}, "missing_lines": [30, 31, 32, 33, 34, 35, 37, 39, 40, 41, 43], "excluded_lines": [], "start_line": 24}, "_get_filter_str": {"executed_lines": [], "summary": {"covered_lines": 0, "num_statements": 11, "percent_covered": 0.0, "percent_covered_display": "0", "missing_lines": 11, "excluded_lines": 0, "percent_statements_covered": 0.0, "percent_statements_covered_display": "0"}, "missing_lines": [53, 54, 55, 56, 57, 58, 60, 61, 62, 63, 65], "excluded_lines": [], "start_line": 46}, "_display_results": {"executed_lines": [], "summary": {"covered_lines": 0, "num_statements": 20, "percent_covered": 0.0, "percent_covered_display": "0", "missing_lines": 20, "excluded_lines": 0, "percent_statements_covered": 0.0, "percent_statements_covered_display": "0"}, "missing_lines": [70, 73, 74, 75, 76, 77, 78, 79, 80, 81, 82, 85, 86, 87, 90, 91, 92, 93, 94, 95], "excluded_lines": [], "start_line": 68}, "analyze_logic": {"executed_lines": [], "summary": {"covered_lines": 0, "num_statements": 13, "percent_covered": 0.0, "percent_covered_display": "0", "missing_lines": 13, "excluded_lines": 0, "percent_statements_covered": 0.0, "percent_statements_covered_display": "0"}, "missing_lines": [115, 118, 123, 124, 127, 129, 130, 133, 143, 144, 145, 148, 155], "excluded_lines": [], "start_line": 98}, "": {"executed_lines": [], "summary": {"covered_lines": 0, "num_statements": 14, "percent_covered": 0.0, "percent_covered_display": "0", "missing_lines": 14, "excluded_lines": 0, "percent_statements_covered": 0.0, "percent_statements_covered_display": "0"}, "missing_lines": [1, 2, 3, 4, 5, 6, 7, 8, 9, 11, 24, 46, 68, 98], "excluded_lines": [], "start_line": 1}}, "classes": {"": {"executed_lines": [], "summary": {"covered_lines": 0, "num_statements": 77, "percent_covered": 0.0, "percent_covered_display": "0", "missing_lines": 77, "excluded_lines": 0, "percent_statements_covered": 0.0, "percent_statements_covered_display": "0"}, "missing_lines": [1, 2, 3, 4, 5, 6, 7, 8, 9, 11, 13, 14, 15, 17, 18, 19, 20, 21, 24, 30, 31, 32, 33, 34, 35, 37, 39, 40, 41, 43, 46, 53, 54, 55, 56, 57, 58, 60, 61, 62, 63, 65, 68, 70, 73, 74, 75, 76, 77, 78, 79, 80, 81, 82, 85, 86, 87, 90, 91, 92, 93, 94, 95, 98, 115, 118, 123, 124, 127, 129, 130, 133, 143, 144, 145, 148, 155], "excluded_lines": [], "start_line": 1}}}, "src/costs/commands/badge.py": {"executed_lines": [], "summary": {"covered_lines": 0, "num_statements": 73, "percent_covered": 0.0, "percent_covered_display": "0", "missing_lines": 73, "excluded_lines": 0, "percent_statements_covered": 0.0, "percent_statements_covered_display": "0"}, "missing_lines": [1, 2, 3, 4, 5, 6, 8, 14, 15, 16, 18, 21, 22, 23, 24, 26, 27, 30, 33, 34, 35, 36, 37, 38, 39, 41, 42, 45, 50, 53, 54, 55, 56, 58, 59, 60, 61, 62, 63, 64, 67, 68, 69, 71, 72, 73, 75, 76, 77, 78, 79, 81, 82, 83, 85, 86, 89, 96, 97, 98, 100, 101, 104, 107, 108, 109, 110, 111, 112, 113, 115, 116, 117], "excluded_lines": [], "functions": {"badge_logic": {"executed_lines": [], "summary": {"covered_lines": 0, "num_statements": 20, "percent_covered": 0.0, "percent_covered_display": "0", "missing_lines": 20, "excluded_lines": 0, "percent_statements_covered": 0.0, "percent_statements_covered_display": "0"}, "missing_lines": [14, 15, 16, 18, 21, 22, 23, 24, 26, 27, 30, 33, 34, 35, 36, 37, 38, 39, 41, 42], "excluded_lines": [], "start_line": 8}, "auto_badge_logic": {"executed_lines": [], "summary": {"covered_lines": 0, "num_statements": 45, "percent_covered": 0.0, "percent_covered_display": "0", "missing_lines": 45, "excluded_lines": 0, "percent_statements_covered": 0.0, "percent_statements_covered_display": "0"}, "missing_lines": [50, 53, 54, 55, 56, 58, 59, 60, 61, 62, 63, 64, 67, 68, 69, 71, 72, 73, 75, 76, 77, 78, 79, 81, 82, 83, 85, 86, 89, 96, 97, 98, 100, 101, 104, 107, 108, 109, 110, 111, 112, 113, 115, 116, 117], "excluded_lines": [], "start_line": 45}, "": {"executed_lines": [], "summary": {"covered_lines": 0, "num_statements": 8, "percent_covered": 0.0, "percent_covered_display": "0", "missing_lines": 8, "excluded_lines": 0, "percent_statements_covered": 0.0, "percent_statements_covered_display": "0"}, "missing_lines": [1, 2, 3, 4, 5, 6, 8, 45], "excluded_lines": [], "start_line": 1}}, "classes": {"": {"executed_lines": [], "summary": {"covered_lines": 0, "num_statements": 73, "percent_covered": 0.0, "percent_covered_display": "0", "missing_lines": 73, "excluded_lines": 0, "percent_statements_covered": 0.0, "percent_statements_covered_display": "0"}, "missing_lines": [1, 2, 3, 4, 5, 6, 8, 14, 15, 16, 18, 21, 22, 23, 24, 26, 27, 30, 33, 34, 35, 36, 37, 38, 39, 41, 42, 45, 50, 53, 54, 55, 56, 58, 59, 60, 61, 62, 63, 64, 67, 68, 69, 71, 72, 73, 75, 76, 77, 78, 79, 81, 82, 83, 85, 86, 89, 96, 97, 98, 100, 101, 104, 107, 108, 109, 110, 111, 112, 113, 115, 116, 117], "excluded_lines": [], "start_line": 1}}}, "src/costs/commands/report.py": {"executed_lines": [], "summary": {"covered_lines": 0, "num_statements": 48, "percent_covered": 0.0, "percent_covered_display": "0", "missing_lines": 48, "excluded_lines": 0, "percent_statements_covered": 0.0, "percent_statements_covered_display": "0"}, "missing_lines": [1, 2, 3, 4, 5, 6, 8, 16, 17, 18, 20, 21, 22, 23, 24, 26, 27, 30, 31, 32, 33, 36, 39, 42, 43, 44, 45, 46, 48, 49, 50, 51, 52, 55, 56, 57, 58, 60, 63, 64, 65, 66, 67, 68, 69, 70, 71, 72], "excluded_lines": [], "functions": {"report_logic": {"executed_lines": [], "summary": {"covered_lines": 0, "num_statements": 41, "percent_covered": 0.0, "percent_covered_display": "0", "missing_lines": 41, "excluded_lines": 0, "percent_statements_covered": 0.0, "percent_statements_covered_display": "0"}, "missing_lines": [16, 17, 18, 20, 21, 22, 23, 24, 26, 27, 30, 31, 32, 33, 36, 39, 42, 43, 44, 45, 46, 48, 49, 50, 51, 52, 55, 56, 57, 58, 60, 63, 64, 65, 66, 67, 68, 69, 70, 71, 72], "excluded_lines": [], "start_line": 8}, "": {"executed_lines": [], "summary": {"covered_lines": 0, "num_statements": 7, "percent_covered": 0.0, "percent_covered_display": "0", "missing_lines": 7, "excluded_lines": 0, "percent_statements_covered": 0.0, "percent_statements_covered_display": "0"}, "missing_lines": [1, 2, 3, 4, 5, 6, 8], "excluded_lines": [], "start_line": 1}}, "classes": {"": {"executed_lines": [], "summary": {"covered_lines": 0, "num_statements": 48, "percent_covered": 0.0, "percent_covered_display": "0", "missing_lines": 48, "excluded_lines": 0, "percent_statements_covered": 0.0, "percent_statements_covered_display": "0"}, "missing_lines": [1, 2, 3, 4, 5, 6, 8, 16, 17, 18, 20, 21, 22, 23, 24, 26, 27, 30, 31, 32, 33, 36, 39, 42, 43, 44, 45, 46, 48, 49, 50, 51, 52, 55, 56, 57, 58, 60, 63, 64, 65, 66, 67, 68, 69, 70, 71, 72], "excluded_lines": [], "start_line": 1}}}, "src/costs/commands/utils.py": {"executed_lines": [], "summary": {"covered_lines": 0, "num_statements": 76, "percent_covered": 0.0, "percent_covered_display": "0", "missing_lines": 76, "excluded_lines": 0, "percent_statements_covered": 0.0, "percent_statements_covered_display": "0"}, "missing_lines": [1, 2, 3, 4, 5, 6, 7, 9, 14, 15, 17, 18, 19, 20, 22, 23, 25, 26, 27, 28, 29, 32, 36, 37, 38, 40, 41, 42, 43, 44, 46, 48, 49, 50, 51, 52, 53, 54, 55, 56, 57, 60, 65, 68, 69, 79, 80, 82, 83, 86, 87, 88, 90, 91, 93, 106, 107, 108, 111, 112, 113, 114, 115, 116, 117, 118, 120, 121, 124, 125, 126, 127, 128, 129, 130, 131], "excluded_lines": [], "functions": {"estimate_logic": {"executed_lines": [], "summary": {"covered_lines": 0, "num_statements": 13, "percent_covered": 0.0, "percent_covered_display": "0", "missing_lines": 13, "excluded_lines": 0, "percent_statements_covered": 0.0, "percent_statements_covered_display": "0"}, "missing_lines": [14, 15, 17, 18, 19, 20, 22, 23, 25, 26, 27, 28, 29], "excluded_lines": [], "start_line": 9}, "stats_logic": {"executed_lines": [], "summary": {"covered_lines": 0, "num_statements": 19, "percent_covered": 0.0, "percent_covered_display": "0", "missing_lines": 19, "excluded_lines": 0, "percent_statements_covered": 0.0, "percent_statements_covered_display": "0"}, "missing_lines": [36, 37, 38, 40, 41, 42, 43, 44, 46, 48, 49, 50, 51, 52, 53, 54, 55, 56, 57], "excluded_lines": [], "start_line": 32}, "init_logic": {"executed_lines": [], "summary": {"covered_lines": 0, "num_statements": 34, "percent_covered": 0.0, "percent_covered_display": "0", "missing_lines": 34, "excluded_lines": 0, "percent_statements_covered": 0.0, "percent_statements_covered_display": "0"}, "missing_lines": [65, 68, 69, 79, 80, 82, 83, 86, 87, 88, 90, 91, 93, 106, 107, 108, 111, 112, 113, 114, 115, 116, 117, 118, 120, 121, 124, 125, 126, 127, 128, 129, 130, 131], "excluded_lines": [], "start_line": 60}, "": {"executed_lines": [], "summary": {"covered_lines": 0, "num_statements": 10, "percent_covered": 0.0, "percent_covered_display": "0", "missing_lines": 10, "excluded_lines": 0, "percent_statements_covered": 0.0, "percent_statements_covered_display": "0"}, "missing_lines": [1, 2, 3, 4, 5, 6, 7, 9, 32, 60], "excluded_lines": [], "start_line": 1}}, "classes": {"": {"executed_lines": [], "summary": {"covered_lines": 0, "num_statements": 76, "percent_covered": 0.0, "percent_covered_display": "0", "missing_lines": 76, "excluded_lines": 0, "percent_statements_covered": 0.0, "percent_statements_covered_display": "0"}, "missing_lines": [1, 2, 3, 4, 5, 6, 7, 9, 14, 15, 17, 18, 19, 20, 22, 23, 25, 26, 27, 28, 29, 32, 36, 37, 38, 40, 41, 42, 43, 44, 46, 48, 49, 50, 51, 52, 53, 54, 55, 56, 57, 60, 65, 68, 69, 79, 80, 82, 83, 86, 87, 88, 90, 91, 93, 106, 107, 108, 111, 112, 113, 114, 115, 116, 117, 118, 120, 121, 124, 125, 126, 127, 128, 129, 130, 131], "excluded_lines": [], "start_line": 1}}}, "src/costs/git_parser.py": {"executed_lines": [], "summary": {"covered_lines": 0, "num_statements": 81, "percent_covered": 0.0, "percent_covered_display": "0", "missing_lines": 81, "excluded_lines": 0, "percent_statements_covered": 0.0, "percent_statements_covered_display": "0"}, "missing_lines": [3, 4, 5, 6, 9, 11, 13, 15, 16, 18, 19, 20, 21, 23, 26, 28, 31, 33, 34, 37, 54, 56, 57, 59, 60, 62, 63, 65, 68, 70, 72, 73, 74, 77, 78, 79, 80, 83, 85, 86, 87, 88, 89, 90, 91, 94, 102, 103, 105, 106, 108, 109, 111, 114, 124, 125, 128, 133, 135, 137, 138, 141, 142, 144, 145, 147, 151, 153, 154, 155, 157, 158, 159, 160, 161, 164, 166, 168, 169, 170, 172], "excluded_lines": [], "functions": {"get_commit_diff": {"executed_lines": [], "summary": {"covered_lines": 0, "num_statements": 9, "percent_covered": 0.0, "percent_covered_display": "0", "missing_lines": 9, "excluded_lines": 0, "percent_statements_covered": 0.0, "percent_statements_covered_display": "0"}, "missing_lines": [11, 13, 15, 16, 18, 19, 20, 21, 23], "excluded_lines": [], "start_line": 9}, "is_ai_commit": {"executed_lines": [], "summary": {"covered_lines": 0, "num_statements": 1, "percent_covered": 0.0, "percent_covered_display": "0", "missing_lines": 1, "excluded_lines": 0, "percent_statements_covered": 0.0, "percent_statements_covered_display": "0"}, "missing_lines": [28], "excluded_lines": [], "start_line": 26}, "extract_ai_tag": {"executed_lines": [], "summary": {"covered_lines": 0, "num_statements": 2, "percent_covered": 0.0, "percent_covered_display": "0", "missing_lines": 2, "excluded_lines": 0, "percent_statements_covered": 0.0, "percent_statements_covered_display": "0"}, "missing_lines": [33, 34], "excluded_lines": [], "start_line": 31}, "is_commit_in_date_range": {"executed_lines": [], "summary": {"covered_lines": 0, "num_statements": 8, "percent_covered": 0.0, "percent_covered_display": "0", "missing_lines": 8, "excluded_lines": 0, "percent_statements_covered": 0.0, "percent_statements_covered_display": "0"}, "missing_lines": [54, 56, 57, 59, 60, 62, 63, 65], "excluded_lines": [], "start_line": 37}, "get_first_commit_date": {"executed_lines": [], "summary": {"covered_lines": 0, "num_statements": 8, "percent_covered": 0.0, "percent_covered_display": "0", "missing_lines": 8, "excluded_lines": 0, "percent_statements_covered": 0.0, "percent_statements_covered_display": "0"}, "missing_lines": [70, 72, 73, 74, 77, 78, 79, 80], "excluded_lines": [], "start_line": 68}, "_to_date": {"executed_lines": [], "summary": {"covered_lines": 0, "num_statements": 7, "percent_covered": 0.0, "percent_covered_display": "0", "missing_lines": 7, "excluded_lines": 0, "percent_statements_covered": 0.0, "percent_statements_covered_display": "0"}, "missing_lines": [85, 86, 87, 88, 89, 90, 91], "excluded_lines": [], "start_line": 83}, "_parse_date_args": {"executed_lines": [], "summary": {"covered_lines": 0, "num_statements": 7, "percent_covered": 0.0, "percent_covered_display": "0", "missing_lines": 7, "excluded_lines": 0, "percent_statements_covered": 0.0, "percent_statements_covered_display": "0"}, "missing_lines": [102, 103, 105, 106, 108, 109, 111], "excluded_lines": [], "start_line": 94}, "parse_commits": {"executed_lines": [], "summary": {"covered_lines": 0, "num_statements": 12, "percent_covered": 0.0, "percent_covered_display": "0", "missing_lines": 12, "excluded_lines": 0, "percent_statements_covered": 0.0, "percent_statements_covered_display": "0"}, "missing_lines": [124, 125, 128, 133, 135, 137, 138, 141, 142, 144, 145, 147], "excluded_lines": [], "start_line": 114}, "get_repo_name": {"executed_lines": [], "summary": {"covered_lines": 0, "num_statements": 8, "percent_covered": 0.0, "percent_covered_display": "0", "missing_lines": 8, "excluded_lines": 0, "percent_statements_covered": 0.0, "percent_statements_covered_display": "0"}, "missing_lines": [153, 154, 155, 157, 158, 159, 160, 161], "excluded_lines": [], "start_line": 151}, "get_repo_stats": {"executed_lines": [], "summary": {"covered_lines": 0, "num_statements": 5, "percent_covered": 0.0, "percent_covered_display": "0", "missing_lines": 5, "excluded_lines": 0, "percent_statements_covered": 0.0, "percent_statements_covered_display": "0"}, "missing_lines": [166, 168, 169, 170, 172], "excluded_lines": [], "start_line": 164}, "": {"executed_lines": [], "summary": {"covered_lines": 0, "num_statements": 14, "percent_covered": 0.0, "percent_covered_display": "0", "missing_lines": 14, "excluded_lines": 0, "percent_statements_covered": 0.0, "percent_statements_covered_display": "0"}, "missing_lines": [3, 4, 5, 6, 9, 26, 31, 37, 68, 83, 94, 114, 151, 164], "excluded_lines": [], "start_line": 1}}, "classes": {"": {"executed_lines": [], "summary": {"covered_lines": 0, "num_statements": 81, "percent_covered": 0.0, "percent_covered_display": "0", "missing_lines": 81, "excluded_lines": 0, "percent_statements_covered": 0.0, "percent_statements_covered_display": "0"}, "missing_lines": [3, 4, 5, 6, 9, 11, 13, 15, 16, 18, 19, 20, 21, 23, 26, 28, 31, 33, 34, 37, 54, 56, 57, 59, 60, 62, 63, 65, 68, 70, 72, 73, 74, 77, 78, 79, 80, 83, 85, 86, 87, 88, 89, 90, 91, 94, 102, 103, 105, 106, 108, 109, 111, 114, 124, 125, 128, 133, 135, 137, 138, 141, 142, 144, 145, 147, 151, 153, 154, 155, 157, 158, 159, 160, 161, 164, 166, 168, 169, 170, 172], "excluded_lines": [], "start_line": 1}}}, "src/costs/metrics.py": {"executed_lines": [], "summary": {"covered_lines": 0, "num_statements": 48, "percent_covered": 0.0, "percent_covered_display": "0", "missing_lines": 48, "excluded_lines": 0, "percent_statements_covered": 0.0, "percent_statements_covered_display": "0"}, "missing_lines": [3, 4, 8, 9, 10, 11, 14, 16, 17, 18, 19, 20, 22, 23, 24, 25, 26, 27, 28, 29, 32, 34, 35, 38, 40, 41, 43, 46, 47, 49, 50, 51, 53, 54, 56, 58, 59, 60, 62, 64, 67, 69, 72, 81, 82, 84, 85, 87], "excluded_lines": [], "functions": {"_group_commits_by_author": {"executed_lines": [], "summary": {"covered_lines": 0, "num_statements": 13, "percent_covered": 0.0, "percent_covered_display": "0", "missing_lines": 13, "excluded_lines": 0, "percent_statements_covered": 0.0, "percent_statements_covered_display": "0"}, "missing_lines": [16, 17, 18, 19, 20, 22, 23, 24, 25, 26, 27, 28, 29], "excluded_lines": [], "start_line": 14}, "_calculate_session_duration": {"executed_lines": [], "summary": {"covered_lines": 0, "num_statements": 2, "percent_covered": 0.0, "percent_covered_display": "0", "missing_lines": 2, "excluded_lines": 0, "percent_statements_covered": 0.0, "percent_statements_covered_display": "0"}, "missing_lines": [34, 35], "excluded_lines": [], "start_line": 32}, "_calculate_author_time": {"executed_lines": [], "summary": {"covered_lines": 0, "num_statements": 18, "percent_covered": 0.0, "percent_covered_display": "0", "missing_lines": 18, "excluded_lines": 0, "percent_statements_covered": 0.0, "percent_statements_covered_display": "0"}, "missing_lines": [40, 41, 43, 46, 47, 49, 50, 51, 53, 54, 56, 58, 59, 60, 62, 64, 67, 69], "excluded_lines": [], "start_line": 38}, "calculate_human_time": {"executed_lines": [], "summary": {"covered_lines": 0, "num_statements": 5, "percent_covered": 0.0, "percent_covered_display": "0", "missing_lines": 5, "excluded_lines": 0, "percent_statements_covered": 0.0, "percent_statements_covered_display": "0"}, "missing_lines": [81, 82, 84, 85, 87], "excluded_lines": [], "start_line": 72}, "": {"executed_lines": [], "summary": {"covered_lines": 0, "num_statements": 10, "percent_covered": 0.0, "percent_covered_display": "0", "missing_lines": 10, "excluded_lines": 0, "percent_statements_covered": 0.0, "percent_statements_covered_display": "0"}, "missing_lines": [3, 4, 8, 9, 10, 11, 14, 32, 38, 72], "excluded_lines": [], "start_line": 1}}, "classes": {"": {"executed_lines": [], "summary": {"covered_lines": 0, "num_statements": 48, "percent_covered": 0.0, "percent_covered_display": "0", "missing_lines": 48, "excluded_lines": 0, "percent_statements_covered": 0.0, "percent_statements_covered_display": "0"}, "missing_lines": [3, 4, 8, 9, 10, 11, 14, 16, 17, 18, 19, 20, 22, 23, 24, 25, 26, 27, 28, 29, 32, 34, 35, 38, 40, 41, 43, 46, 47, 49, 50, 51, 53, 54, 56, 58, 59, 60, 62, 64, 67, 69, 72, 81, 82, 84, 85, 87], "excluded_lines": [], "start_line": 1}}}, "src/costs/models.py": {"executed_lines": [], "summary": {"covered_lines": 0, "num_statements": 22, "percent_covered": 0.0, "percent_covered_display": "0", "missing_lines": 22, "excluded_lines": 0, "percent_statements_covered": 0.0, "percent_statements_covered_display": "0"}, "missing_lines": [3, 4, 5, 8, 11, 12, 15, 40, 43, 44, 47, 49, 50, 52, 53, 56, 59, 61, 68, 71, 72, 74], "excluded_lines": [], "functions": {"get_model_price": {"executed_lines": [], "summary": {"covered_lines": 0, "num_statements": 8, "percent_covered": 0.0, "percent_covered_display": "0", "missing_lines": 8, "excluded_lines": 0, "percent_statements_covered": 0.0, "percent_statements_covered_display": "0"}, "missing_lines": [43, 44, 47, 49, 50, 52, 53, 56], "excluded_lines": [], "start_line": 40}, "get_openrouter_headers": {"executed_lines": [], "summary": {"covered_lines": 0, "num_statements": 1, "percent_covered": 0.0, "percent_covered_display": "0", "missing_lines": 1, "excluded_lines": 0, "percent_statements_covered": 0.0, "percent_statements_covered_display": "0"}, "missing_lines": [61], "excluded_lines": [], "start_line": 59}, "get_litellm_model_name": {"executed_lines": [], "summary": {"covered_lines": 0, "num_statements": 3, "percent_covered": 0.0, "percent_covered_display": "0", "missing_lines": 3, "excluded_lines": 0, "percent_statements_covered": 0.0, "percent_statements_covered_display": "0"}, "missing_lines": [71, 72, 74], "excluded_lines": [], "start_line": 68}, "": {"executed_lines": [], "summary": {"covered_lines": 0, "num_statements": 10, "percent_covered": 0.0, "percent_covered_display": "0", "missing_lines": 10, "excluded_lines": 0, "percent_statements_covered": 0.0, "percent_statements_covered_display": "0"}, "missing_lines": [3, 4, 5, 8, 11, 12, 15, 40, 59, 68], "excluded_lines": [], "start_line": 1}}, "classes": {"": {"executed_lines": [], "summary": {"covered_lines": 0, "num_statements": 22, "percent_covered": 0.0, "percent_covered_display": "0", "missing_lines": 22, "excluded_lines": 0, "percent_statements_covered": 0.0, "percent_statements_covered_display": "0"}, "missing_lines": [3, 4, 5, 8, 11, 12, 15, 40, 43, 44, 47, 49, 50, 52, 53, 56, 59, 61, 68, 71, 72, 74], "excluded_lines": [], "start_line": 1}}}, "src/costs/reports/__init__.py": {"executed_lines": [], "summary": {"covered_lines": 0, "num_statements": 6, "percent_covered": 0.0, "percent_covered_display": "0", "missing_lines": 6, "excluded_lines": 0, "percent_statements_covered": 0.0, "percent_statements_covered_display": "0"}, "missing_lines": [4, 5, 6, 7, 8, 10], "excluded_lines": [], "functions": {"": {"executed_lines": [], "summary": {"covered_lines": 0, "num_statements": 6, "percent_covered": 0.0, "percent_covered_display": "0", "missing_lines": 6, "excluded_lines": 0, "percent_statements_covered": 0.0, "percent_statements_covered_display": "0"}, "missing_lines": [4, 5, 6, 7, 8, 10], "excluded_lines": [], "start_line": 1}}, "classes": {"": {"executed_lines": [], "summary": {"covered_lines": 0, "num_statements": 6, "percent_covered": 0.0, "percent_covered_display": "0", "missing_lines": 6, "excluded_lines": 0, "percent_statements_covered": 0.0, "percent_statements_covered_display": "0"}, "missing_lines": [4, 5, 6, 7, 8, 10], "excluded_lines": [], "start_line": 1}}}, "src/costs/reports/badge.py": {"executed_lines": [], "summary": {"covered_lines": 0, "num_statements": 63, "percent_covered": 0.0, "percent_covered_display": "0", "missing_lines": 63, "excluded_lines": 0, "percent_statements_covered": 0.0, "percent_statements_covered_display": "0"}, "missing_lines": [3, 4, 5, 6, 7, 10, 12, 13, 14, 16, 17, 18, 22, 23, 30, 36, 37, 40, 41, 42, 43, 44, 45, 46, 49, 50, 64, 68, 69, 70, 73, 75, 80, 83, 84, 86, 87, 88, 89, 92, 93, 94, 95, 96, 97, 98, 100, 101, 102, 103, 105, 106, 109, 110, 111, 112, 113, 115, 117, 118, 119, 121, 122], "excluded_lines": [], "functions": {"update_readme_badge": {"executed_lines": [], "summary": {"covered_lines": 0, "num_statements": 57, "percent_covered": 0.0, "percent_covered_display": "0", "missing_lines": 57, "excluded_lines": 0, "percent_statements_covered": 0.0, "percent_statements_covered_display": "0"}, "missing_lines": [12, 13, 14, 16, 17, 18, 22, 23, 30, 36, 37, 40, 41, 42, 43, 44, 45, 46, 49, 50, 64, 68, 69, 70, 73, 75, 80, 83, 84, 86, 87, 88, 89, 92, 93, 94, 95, 96, 97, 98, 100, 101, 102, 103, 105, 106, 109, 110, 111, 112, 113, 115, 117, 118, 119, 121, 122], "excluded_lines": [], "start_line": 10}, "": {"executed_lines": [], "summary": {"covered_lines": 0, "num_statements": 6, "percent_covered": 0.0, "percent_covered_display": "0", "missing_lines": 6, "excluded_lines": 0, "percent_statements_covered": 0.0, "percent_statements_covered_display": "0"}, "missing_lines": [3, 4, 5, 6, 7, 10], "excluded_lines": [], "start_line": 1}}, "classes": {"": {"executed_lines": [], "summary": {"covered_lines": 0, "num_statements": 63, "percent_covered": 0.0, "percent_covered_display": "0", "missing_lines": 63, "excluded_lines": 0, "percent_statements_covered": 0.0, "percent_statements_covered_display": "0"}, "missing_lines": [3, 4, 5, 6, 7, 10, 12, 13, 14, 16, 17, 18, 22, 23, 30, 36, 37, 40, 41, 42, 43, 44, 45, 46, 49, 50, 64, 68, 69, 70, 73, 75, 80, 83, 84, 86, 87, 88, 89, 92, 93, 94, 95, 96, 97, 98, 100, 101, 102, 103, 105, 106, 109, 110, 111, 112, 113, 115, 117, 118, 119, 121, 122], "excluded_lines": [], "start_line": 1}}}, "src/costs/reports/base.py": {"executed_lines": [], "summary": {"covered_lines": 0, "num_statements": 10, "percent_covered": 0.0, "percent_covered_display": "0", "missing_lines": 10, "excluded_lines": 0, "percent_statements_covered": 0.0, "percent_statements_covered_display": "0"}, "missing_lines": [3, 5, 6, 7, 8, 9, 10, 11, 12, 14], "excluded_lines": [], "functions": {"get_cost_color": {"executed_lines": [], "summary": {"covered_lines": 0, "num_statements": 9, "percent_covered": 0.0, "percent_covered_display": "0", "missing_lines": 9, "excluded_lines": 0, "percent_statements_covered": 0.0, "percent_statements_covered_display": "0"}, "missing_lines": [5, 6, 7, 8, 9, 10, 11, 12, 14], "excluded_lines": [], "start_line": 3}, "": {"executed_lines": [], "summary": {"covered_lines": 0, "num_statements": 1, "percent_covered": 0.0, "percent_covered_display": "0", "missing_lines": 1, "excluded_lines": 0, "percent_statements_covered": 0.0, "percent_statements_covered_display": "0"}, "missing_lines": [3], "excluded_lines": [], "start_line": 1}}, "classes": {"": {"executed_lines": [], "summary": {"covered_lines": 0, "num_statements": 10, "percent_covered": 0.0, "percent_covered_display": "0", "missing_lines": 10, "excluded_lines": 0, "percent_statements_covered": 0.0, "percent_statements_covered_display": "0"}, "missing_lines": [3, 5, 6, 7, 8, 9, 10, 11, 12, 14], "excluded_lines": [], "start_line": 1}}}, "src/costs/reports/html.py": {"executed_lines": [], "summary": {"covered_lines": 0, "num_statements": 27, "percent_covered": 0.0, "percent_covered_display": "0", "missing_lines": 27, "excluded_lines": 0, "percent_statements_covered": 0.0, "percent_statements_covered_display": "0"}, "missing_lines": [3, 4, 5, 6, 9, 11, 12, 15, 16, 17, 18, 19, 20, 22, 25, 26, 27, 28, 29, 31, 194, 195, 196, 206, 208, 283, 284], "excluded_lines": [], "functions": {"generate_html_report": {"executed_lines": [], "summary": {"covered_lines": 0, "num_statements": 22, "percent_covered": 0.0, "percent_covered_display": "0", "missing_lines": 22, "excluded_lines": 0, "percent_statements_covered": 0.0, "percent_statements_covered_display": "0"}, "missing_lines": [11, 12, 15, 16, 17, 18, 19, 20, 22, 25, 26, 27, 28, 29, 31, 194, 195, 196, 206, 208, 283, 284], "excluded_lines": [], "start_line": 9}, "": {"executed_lines": [], "summary": {"covered_lines": 0, "num_statements": 5, "percent_covered": 0.0, "percent_covered_display": "0", "missing_lines": 5, "excluded_lines": 0, "percent_statements_covered": 0.0, "percent_statements_covered_display": "0"}, "missing_lines": [3, 4, 5, 6, 9], "excluded_lines": [], "start_line": 1}}, "classes": {"": {"executed_lines": [], "summary": {"covered_lines": 0, "num_statements": 27, "percent_covered": 0.0, "percent_covered_display": "0", "missing_lines": 27, "excluded_lines": 0, "percent_statements_covered": 0.0, "percent_statements_covered_display": "0"}, "missing_lines": [3, 4, 5, 6, 9, 11, 12, 15, 16, 17, 18, 19, 20, 22, 25, 26, 27, 28, 29, 31, 194, 195, 196, 206, 208, 283, 284], "excluded_lines": [], "start_line": 1}}}, "src/costs/reports/markdown.py": {"executed_lines": [], "summary": {"covered_lines": 0, "num_statements": 40, "percent_covered": 0.0, "percent_covered_display": "0", "missing_lines": 40, "excluded_lines": 0, "percent_statements_covered": 0.0, "percent_statements_covered_display": "0"}, "missing_lines": [3, 4, 5, 6, 9, 11, 12, 15, 16, 17, 18, 21, 22, 23, 24, 25, 28, 30, 54, 55, 56, 58, 59, 60, 61, 62, 64, 72, 73, 74, 75, 76, 77, 79, 88, 89, 90, 92, 111, 112], "excluded_lines": [], "functions": {"generate_markdown_report": {"executed_lines": [], "summary": {"covered_lines": 0, "num_statements": 35, "percent_covered": 0.0, "percent_covered_display": "0", "missing_lines": 35, "excluded_lines": 0, "percent_statements_covered": 0.0, "percent_statements_covered_display": "0"}, "missing_lines": [11, 12, 15, 16, 17, 18, 21, 22, 23, 24, 25, 28, 30, 54, 55, 56, 58, 59, 60, 61, 62, 64, 72, 73, 74, 75, 76, 77, 79, 88, 89, 90, 92, 111, 112], "excluded_lines": [], "start_line": 9}, "": {"executed_lines": [], "summary": {"covered_lines": 0, "num_statements": 5, "percent_covered": 0.0, "percent_covered_display": "0", "missing_lines": 5, "excluded_lines": 0, "percent_statements_covered": 0.0, "percent_statements_covered_display": "0"}, "missing_lines": [3, 4, 5, 6, 9], "excluded_lines": [], "start_line": 1}}, "classes": {"": {"executed_lines": [], "summary": {"covered_lines": 0, "num_statements": 40, "percent_covered": 0.0, "percent_covered_display": "0", "missing_lines": 40, "excluded_lines": 0, "percent_statements_covered": 0.0, "percent_statements_covered_display": "0"}, "missing_lines": [3, 4, 5, 6, 9, 11, 12, 15, 16, 17, 18, 21, 22, 23, 24, 25, 28, 30, 54, 55, 56, 58, 59, 60, 61, 62, 64, 72, 73, 74, 75, 76, 77, 79, 88, 89, 90, 92, 111, 112], "excluded_lines": [], "start_line": 1}}}, "src/costs/tokenizers.py": {"executed_lines": [], "summary": {"covered_lines": 0, "num_statements": 74, "percent_covered": 0.0, "percent_covered_display": "0", "missing_lines": 74, "excluded_lines": 0, "percent_statements_covered": 0.0, "percent_statements_covered_display": "0"}, "missing_lines": [3, 4, 7, 10, 11, 12, 14, 16, 17, 19, 20, 22, 33, 34, 36, 39, 40, 43, 44, 47, 48, 49, 51, 54, 55, 58, 60, 65, 66, 67, 68, 70, 71, 74, 75, 77, 79, 85, 86, 89, 92, 93, 96, 98, 101, 104, 105, 112, 113, 115, 116, 118, 120, 121, 122, 123, 125, 131, 132, 134, 135, 136, 137, 138, 139, 140, 141, 145, 148, 151, 152, 153, 156, 158], "excluded_lines": [], "functions": {"Tokenizer.__init__": {"executed_lines": [], "summary": {"covered_lines": 0, "num_statements": 2, "percent_covered": 0.0, "percent_covered_display": "0", "missing_lines": 2, "excluded_lines": 0, "percent_statements_covered": 0.0, "percent_statements_covered_display": "0"}, "missing_lines": [11, 12], "excluded_lines": [], "start_line": 10}, "Tokenizer._get_tiktoken": {"executed_lines": [], "summary": {"covered_lines": 0, "num_statements": 4, "percent_covered": 0.0, "percent_covered_display": "0", "missing_lines": 4, "excluded_lines": 0, "percent_statements_covered": 0.0, "percent_statements_covered_display": "0"}, "missing_lines": [16, 17, 19, 20], "excluded_lines": [], "start_line": 14}, "Tokenizer.count_tokens": {"executed_lines": [], "summary": {"covered_lines": 0, "num_statements": 14, "percent_covered": 0.0, "percent_covered_display": "0", "missing_lines": 14, "excluded_lines": 0, "percent_statements_covered": 0.0, "percent_statements_covered_display": "0"}, "missing_lines": [33, 34, 36, 39, 40, 43, 44, 47, 48, 49, 51, 54, 55, 58], "excluded_lines": [], "start_line": 22}, "Tokenizer._count_claude_tokens": {"executed_lines": [], "summary": {"covered_lines": 0, "num_statements": 9, "percent_covered": 0.0, "percent_covered_display": "0", "missing_lines": 9, "excluded_lines": 0, "percent_statements_covered": 0.0, "percent_statements_covered_display": "0"}, "missing_lines": [65, 66, 67, 68, 70, 71, 74, 75, 77], "excluded_lines": [], "start_line": 60}, "Tokenizer.estimate_tokens_simple": {"executed_lines": [], "summary": {"covered_lines": 0, "num_statements": 7, "percent_covered": 0.0, "percent_covered_display": "0", "missing_lines": 7, "excluded_lines": 0, "percent_statements_covered": 0.0, "percent_statements_covered_display": "0"}, "missing_lines": [85, 86, 89, 92, 93, 96, 98], "excluded_lines": [], "start_line": 79}, "GitDiffParser.parse_diff_stats": {"executed_lines": [], "summary": {"covered_lines": 0, "num_statements": 10, "percent_covered": 0.0, "percent_covered_display": "0", "missing_lines": 10, "excluded_lines": 0, "percent_statements_covered": 0.0, "percent_statements_covered_display": "0"}, "missing_lines": [112, 113, 115, 116, 118, 120, 121, 122, 123, 125], "excluded_lines": [], "start_line": 105}, "GitDiffParser.get_file_extensions": {"executed_lines": [], "summary": {"covered_lines": 0, "num_statements": 8, "percent_covered": 0.0, "percent_covered_display": "0", "missing_lines": 8, "excluded_lines": 0, "percent_statements_covered": 0.0, "percent_statements_covered_display": "0"}, "missing_lines": [134, 135, 136, 137, 138, 139, 140, 141], "excluded_lines": [], "start_line": 132}, "get_tokenizer": {"executed_lines": [], "summary": {"covered_lines": 0, "num_statements": 3, "percent_covered": 0.0, "percent_covered_display": "0", "missing_lines": 3, "excluded_lines": 0, "percent_statements_covered": 0.0, "percent_statements_covered_display": "0"}, "missing_lines": [151, 152, 153], "excluded_lines": [], "start_line": 148}, "count_tokens": {"executed_lines": [], "summary": {"covered_lines": 0, "num_statements": 1, "percent_covered": 0.0, "percent_covered_display": "0", "missing_lines": 1, "excluded_lines": 0, "percent_statements_covered": 0.0, "percent_statements_covered_display": "0"}, "missing_lines": [158], "excluded_lines": [], "start_line": 156}, "": {"executed_lines": [], "summary": {"covered_lines": 0, "num_statements": 16, "percent_covered": 0.0, "percent_covered_display": "0", "missing_lines": 16, "excluded_lines": 0, "percent_statements_covered": 0.0, "percent_statements_covered_display": "0"}, "missing_lines": [3, 4, 7, 10, 14, 22, 60, 79, 101, 104, 105, 131, 132, 145, 148, 156], "excluded_lines": [], "start_line": 1}}, "classes": {"Tokenizer": {"executed_lines": [], "summary": {"covered_lines": 0, "num_statements": 36, "percent_covered": 0.0, "percent_covered_display": "0", "missing_lines": 36, "excluded_lines": 0, "percent_statements_covered": 0.0, "percent_statements_covered_display": "0"}, "missing_lines": [11, 12, 16, 17, 19, 20, 33, 34, 36, 39, 40, 43, 44, 47, 48, 49, 51, 54, 55, 58, 65, 66, 67, 68, 70, 71, 74, 75, 77, 85, 86, 89, 92, 93, 96, 98], "excluded_lines": [], "start_line": 7}, "GitDiffParser": {"executed_lines": [], "summary": {"covered_lines": 0, "num_statements": 18, "percent_covered": 0.0, "percent_covered_display": "0", "missing_lines": 18, "excluded_lines": 0, "percent_statements_covered": 0.0, "percent_statements_covered_display": "0"}, "missing_lines": [112, 113, 115, 116, 118, 120, 121, 122, 123, 125, 134, 135, 136, 137, 138, 139, 140, 141], "excluded_lines": [], "start_line": 101}, "": {"executed_lines": [], "summary": {"covered_lines": 0, "num_statements": 20, "percent_covered": 0.0, "percent_covered_display": "0", "missing_lines": 20, "excluded_lines": 0, "percent_statements_covered": 0.0, "percent_statements_covered_display": "0"}, "missing_lines": [3, 4, 7, 10, 14, 22, 60, 79, 101, 104, 105, 131, 132, 145, 148, 151, 152, 153, 156, 158], "excluded_lines": [], "start_line": 1}}}}, "totals": {"covered_lines": 0, "num_statements": 766, "percent_covered": 0.0, "percent_covered_display": "0", "missing_lines": 766, "excluded_lines": 0, "percent_statements_covered": 0.0, "percent_statements_covered_display": "0"}}